<?xml version="1.0" encoding="UTF-8"?>
<testng-results ignored="0" total="2" passed="2" failed="0" skipped="0">
  <reporter-output>
  </reporter-output>
  <suite started-at="2023-06-01T15:59:47 IST" name="Default suite" finished-at="2023-06-01T15:59:48 IST" duration-ms="633">
    <groups>
    </groups>
    <test started-at="2023-06-01T15:59:47 IST" name="Default test" finished-at="2023-06-01T15:59:48 IST" duration-ms="633">
      <class name="Utilities.Excelutilities">
        <test-method signature="readexcel()[pri:0, instance:Utilities.Excelutilities@750e2b97]" started-at="2023-06-01T15:59:47 IST" name="readexcel" finished-at="2023-06-01T15:59:48 IST" duration-ms="586" status="PASS">
          <reporter-output>
          </reporter-output>
        </test-method> <!-- readexcel -->
        <test-method signature="cellvaluefromEXCEL()[pri:1, instance:Utilities.Excelutilities@750e2b97]" started-at="2023-06-01T15:59:48 IST" name="cellvaluefromEXCEL" finished-at="2023-06-01T15:59:48 IST" duration-ms="2" status="PASS">
          <reporter-output>
          </reporter-output>
        </test-method> <!-- cellvaluefromEXCEL -->
      </class> <!-- Utilities.Excelutilities -->
    </test> <!-- Default test -->
  </suite> <!-- Default suite -->
</testng-results>
